c:\users\devscott\desktop\ime\x64\debug\all2keyime.dll
c:\users\devscott\desktop\ime\x64\debug\all2keyime.pdb
f:\all2keyime\x64\debug\all2keyime.dll
f:\all2keyime\x64\debug\all2keyime.pdb
c:\users\devscott\desktop\ime\src\x64\debug\sampleime.res
f:\all2keyime\src\x64\debug\sampleime.res
f:\all2keyime\src\x64\debug\vc145.pdb
f:\all2keyime\src\x64\debug\vc145.idb
f:\all2keyime\src\x64\debug\editsession.obj
f:\all2keyime\src\x64\debug\dllmain.obj
f:\all2keyime\src\x64\debug\displayattributeprovider.obj
f:\all2keyime\src\x64\debug\displayattributeinfo.obj
f:\all2keyime\src\x64\debug\displayattribute.obj
f:\all2keyime\src\x64\debug\dictionarysearch.obj
f:\all2keyime\src\x64\debug\dictionaryparser.obj
f:\all2keyime\src\x64\debug\searchcandidateprovider.obj
f:\all2keyime\src\x64\debug\sampleimebasestructure.obj
f:\all2keyime\src\x64\debug\keystatecategory.obj
f:\all2keyime\src\x64\debug\enumtfcandidates.obj
f:\all2keyime\src\x64\debug\compositionprocessorengine.obj
f:\all2keyime\src\x64\debug\composition.obj
f:\all2keyime\src\x64\debug\compartment.obj
f:\all2keyime\src\x64\debug\candidatewindow.obj
f:\all2keyime\src\x64\debug\candidatelistuipresenter.obj
f:\all2keyime\src\x64\debug\buttonwindow.obj
f:\all2keyime\src\x64\debug\basewindow.obj
f:\all2keyime\src\x64\debug\basedictionaryengine.obj
f:\all2keyime\src\x64\debug\activelanguageprofilenotifysink.obj
f:\all2keyime\src\x64\debug\texteditsink.obj
f:\all2keyime\src\x64\debug\sampleime.obj
f:\all2keyime\src\x64\debug\tabledictionaryengine.obj
f:\all2keyime\src\x64\debug\startcomposition.obj
f:\all2keyime\src\x64\debug\shadowwindow.obj
f:\all2keyime\src\x64\debug\server.obj
f:\all2keyime\src\x64\debug\scrollbarwindow.obj
f:\all2keyime\src\x64\debug\regkey.obj
f:\all2keyime\src\x64\debug\register.obj
f:\all2keyime\src\x64\debug\languagebar.obj
f:\all2keyime\src\x64\debug\keyhandlereditsession.obj
f:\all2keyime\src\x64\debug\keyhandler.obj
f:\all2keyime\src\x64\debug\keyeventsink.obj
f:\all2keyime\src\x64\debug\globals.obj
f:\all2keyime\src\x64\debug\gettextextenteditsession.obj
f:\all2keyime\src\x64\debug\functionprovidersink.obj
f:\all2keyime\src\x64\debug\filemapping.obj
f:\all2keyime\src\x64\debug\file.obj
f:\all2keyime\src\x64\debug\enumdisplayattributeinfo.obj
f:\all2keyime\src\x64\debug\endcomposition.obj
f:\all2keyime\src\x64\debug\tipcandidatestring.obj
f:\all2keyime\src\x64\debug\tipcandidatelist.obj
f:\all2keyime\src\x64\debug\threadmgreventsink.obj
f:\all2keyime\src\x64\debug\threadfocussink.obj
f:\all2keyime\src\x64\debug\tftextlayoutsink.obj
f:\all2keyime\src\x64\debug\tfinputprocessorprofile.obj
f:\all2keyime\x64\debug\all2keyime.lib
f:\all2keyime\x64\debug\all2keyime.exp
f:\all2keyime\src\x64\debug\all2keyime.tlog\link.read.1.tlog
f:\all2keyime\src\x64\debug\all2keyime.tlog\link.command.1.tlog
f:\all2keyime\src\x64\debug\all2keyime.tlog\rc.command.1.tlog
f:\all2keyime\src\x64\debug\all2keyime.tlog\link.write.1.tlog
f:\all2keyime\src\x64\debug\all2keyime.tlog\cl.read.1.tlog
f:\all2keyime\src\x64\debug\all2keyime.tlog\rc.write.1.tlog
f:\all2keyime\src\x64\debug\all2keyime.tlog\link.secondary.1.tlog
f:\all2keyime\src\x64\debug\all2keyime.tlog\cl.command.1.tlog
f:\all2keyime\src\x64\debug\all2keyime.tlog\rc.read.1.tlog
f:\all2keyime\src\x64\debug\all2keyime.tlog\cl.write.1.tlog
f:\all2keyime\src\x64\debug\all2keyime.tlog\cl.items.tlog
