  ActiveLanguageProfileNotifySink.cpp
  BaseDictionaryEngine.cpp
  BaseWindow.cpp
  ButtonWindow.cpp
  CandidateListUIPresenter.cpp
  CandidateWindow.cpp
  Compartment.cpp
  Composition.cpp
  CompositionProcessorEngine.cpp
  EnumTfCandidates.cpp
  KeyStateCategory.cpp
  SampleIMEBaseStructure.cpp
  SearchCandidateProvider.cpp
  DictionaryParser.cpp
  DictionarySearch.cpp
  DisplayAttribute.cpp
  DisplayAttributeInfo.cpp
  DisplayAttributeProvider.cpp
  DllMain.cpp
  EditSession.cpp
  코드를 생성하고 있습니다...
  컴파일하고 있습니다...
  EndComposition.cpp
  EnumDisplayAttributeInfo.cpp
  File.cpp
  FileMapping.cpp
  FunctionProviderSink.cpp
  GetTextExtentEditSession.cpp
  Globals.cpp
  KeyEventSink.cpp
  KeyHandler.cpp
  KeyHandlerEditSession.cpp
  LanguageBar.cpp
  Register.cpp
  RegKey.cpp
  ScrollBarWindow.cpp
  Server.cpp
  ShadowWindow.cpp
  StartComposition.cpp
  TableDictionaryEngine.cpp
  SampleIME.cpp
  TextEditSink.cpp
  코드를 생성하고 있습니다...
  컴파일하고 있습니다...
  TfInputProcessorProfile.cpp
  TfTextLayoutSink.cpp
  ThreadFocusSink.cpp
  ThreadMgrEventSink.cpp
  TipCandidateList.cpp
  TipCandidateString.cpp
  코드를 생성하고 있습니다...
ActiveLanguageProfileNotifySink.obj : warning LNK4075: '/EDITANDCONTINUE'이(가) '/INCREMENTAL:NO' 사양으로 인해 무시됩니다.
     C:\Users\devscott\Desktop\ime\x64\Debug\SampleIME.lib 라이브러리 및 C:\Users\devscott\Desktop\ime\x64\Debug\SampleIME.exp 개체를 생성하고 있습니다.
  SampleIME.vcxproj -> C:\Users\devscott\Desktop\ime\x64\Debug\SampleIME.dll
