f:\all2keyime\x64\release\all2keyime.dll
f:\all2keyime\x64\release\all2keyime.pdb
f:\all2keyime\src\x64\release\vc145.pdb
f:\all2keyime\src\x64\release\editsession.obj
f:\all2keyime\src\x64\release\dllmain.obj
f:\all2keyime\src\x64\release\displayattributeprovider.obj
f:\all2keyime\src\x64\release\displayattributeinfo.obj
f:\all2keyime\src\x64\release\displayattribute.obj
f:\all2keyime\src\x64\release\dictionarysearch.obj
f:\all2keyime\src\x64\release\dictionaryparser.obj
f:\all2keyime\src\x64\release\searchcandidateprovider.obj
f:\all2keyime\src\x64\release\sampleimebasestructure.obj
f:\all2keyime\src\x64\release\keystatecategory.obj
f:\all2keyime\src\x64\release\enumtfcandidates.obj
f:\all2keyime\src\x64\release\compartment.obj
f:\all2keyime\src\x64\release\candidatewindow.obj
f:\all2keyime\src\x64\release\buttonwindow.obj
f:\all2keyime\src\x64\release\basewindow.obj
f:\all2keyime\src\x64\release\basedictionaryengine.obj
f:\all2keyime\src\x64\release\activelanguageprofilenotifysink.obj
f:\all2keyime\src\x64\release\texteditsink.obj
f:\all2keyime\src\x64\release\tabledictionaryengine.obj
f:\all2keyime\src\x64\release\startcomposition.obj
f:\all2keyime\src\x64\release\shadowwindow.obj
f:\all2keyime\src\x64\release\server.obj
f:\all2keyime\src\x64\release\scrollbarwindow.obj
f:\all2keyime\src\x64\release\regkey.obj
f:\all2keyime\src\x64\release\register.obj
f:\all2keyime\src\x64\release\languagebar.obj
f:\all2keyime\src\x64\release\keyhandlereditsession.obj
f:\all2keyime\src\x64\release\keyeventsink.obj
f:\all2keyime\src\x64\release\globals.obj
f:\all2keyime\src\x64\release\gettextextenteditsession.obj
f:\all2keyime\src\x64\release\functionprovidersink.obj
f:\all2keyime\src\x64\release\filemapping.obj
f:\all2keyime\src\x64\release\file.obj
f:\all2keyime\src\x64\release\enumdisplayattributeinfo.obj
f:\all2keyime\src\x64\release\tipcandidatestring.obj
f:\all2keyime\src\x64\release\tipcandidatelist.obj
f:\all2keyime\src\x64\release\threadmgreventsink.obj
f:\all2keyime\src\x64\release\threadfocussink.obj
f:\all2keyime\src\x64\release\tftextlayoutsink.obj
f:\all2keyime\src\x64\release\tfinputprocessorprofile.obj
f:\all2keyime\src\x64\release\endcomposition.obj
f:\all2keyime\src\x64\release\compositionprocessorengine.obj
f:\all2keyime\src\x64\release\composition.obj
f:\all2keyime\src\x64\release\candidatelistuipresenter.obj
f:\all2keyime\src\x64\release\sampleime.obj
f:\all2keyime\src\x64\release\keyhandler.obj
f:\all2keyime\x64\release\all2keyime.lib
f:\all2keyime\x64\release\all2keyime.exp
f:\all2keyime\src\x64\release\all2keyime.ipdb
f:\all2keyime\src\x64\release\all2keyime.iobj
f:\all2keyime\src\x64\release\sampleime.res
f:\all2keyime\src\x64\release\all2keyime.tlog\link.read.1.tlog
f:\all2keyime\src\x64\release\all2keyime.tlog\link.command.1.tlog
f:\all2keyime\src\x64\release\all2keyime.tlog\rc.command.1.tlog
f:\all2keyime\src\x64\release\all2keyime.tlog\link.write.1.tlog
f:\all2keyime\src\x64\release\all2keyime.tlog\cl.read.1.tlog
f:\all2keyime\src\x64\release\all2keyime.tlog\rc.write.1.tlog
f:\all2keyime\src\x64\release\all2keyime.tlog\link.secondary.1.tlog
f:\all2keyime\src\x64\release\all2keyime.tlog\cl.command.1.tlog
f:\all2keyime\src\x64\release\all2keyime.tlog\rc.read.1.tlog
f:\all2keyime\src\x64\release\all2keyime.tlog\cl.write.1.tlog
f:\all2keyime\src\x64\release\all2keyime.tlog\cl.items.tlog
