C:\Program Files\Microsoft Visual Studio\18\Insiders\MSBuild\Microsoft\VC\v180\Microsoft.CppBuild.targets(551,5): warning MSB8028: 중간 디렉터리(x64\Release\)에 다른 프로젝트(SampleIME.vcxproj)에서 공유하는 파일이 포함되어 있습니다.  이로 인해 잘못된 정리 및 다시 빌드 동작이 수행될 수 있습니다.
  ActiveLanguageProfileNotifySink.cpp
  BaseDictionaryEngine.cpp
  BaseWindow.cpp
  ButtonWindow.cpp
  CandidateListUIPresenter.cpp
  CandidateWindow.cpp
  Compartment.cpp
  Composition.cpp
  CompositionProcessorEngine.cpp
  EnumTfCandidates.cpp
  KeyStateCategory.cpp
  SampleIMEBaseStructure.cpp
  SearchCandidateProvider.cpp
  DictionaryParser.cpp
F:\All2KeyIME\src\DictionaryParser.cpp(245,30): warning C4244: '인수': 'DWORD_PTR'에서 'DWORD'(으)로 변환하면서 데이터가 손실될 수 있습니다.
  DictionarySearch.cpp
  DisplayAttribute.cpp
  DisplayAttributeInfo.cpp
  DisplayAttributeProvider.cpp
  DllMain.cpp
  EditSession.cpp
  컴파일하고 있습니다...
  EndComposition.cpp
  EnumDisplayAttributeInfo.cpp
  File.cpp
  FileMapping.cpp
  FunctionProviderSink.cpp
  GetTextExtentEditSession.cpp
  Globals.cpp
  KeyEventSink.cpp
  KeyHandler.cpp
  KeyHandlerEditSession.cpp
  LanguageBar.cpp
  Register.cpp
  RegKey.cpp
  ScrollBarWindow.cpp
  Server.cpp
  ShadowWindow.cpp
  StartComposition.cpp
  TableDictionaryEngine.cpp
  SampleIME.cpp
  TextEditSink.cpp
  컴파일하고 있습니다...
  TfInputProcessorProfile.cpp
  TfTextLayoutSink.cpp
  ThreadFocusSink.cpp
  ThreadMgrEventSink.cpp
  TipCandidateList.cpp
  TipCandidateString.cpp
     F:\All2KeyIME\x64\Release\All2KeyIME.lib 라이브러리 및 F:\All2KeyIME\x64\Release\All2KeyIME.exp 개체를 생성하고 있습니다.
All2KeyIME.exp : warning LNK4070: /OUT: .EXP의 SampleIME.dll 지시문이 'F:\All2KeyIME\x64\Release\All2KeyIME.dll' 출력 파일 이름과 다릅니다. 지시문이 무시됩니다.
  코드를 생성하고 있습니다.
  Previous IPDB was built with incompatible compiler, fall back to full compilation.
  All 1644 functions were compiled because no usable IPDB/IOBJ from previous compilation was found.
  코드를 생성했습니다.
All2KeyIME.exp : warning LNK4070: /OUT: .EXP의 SampleIME.dll 지시문이 'F:\All2KeyIME\x64\Release\All2KeyIME.dll' 출력 파일 이름과 다릅니다. 지시문이 무시됩니다.
  All2KeyIME.vcxproj -> F:\All2KeyIME\x64\Release\All2KeyIME.dll
